[2019/08/17 09:37:47] INFO get config from ./keystrokes.config.ps1
[2019/08/17 09:50:54] INFO get config from ./keystrokes.config.ps1
[2019/08/17 09:50:54] WARN Keylogger started. Press CTRL+C to see results...
[2019/08/17 09:50:54] INFO Output log to ... G:\Users\sakai\AppData\Local\Temp\Keystrokes_190817.txt
[2019/08/17 09:52:35] INFO get config from ./keystrokes.config.ps1
[2019/08/17 09:52:35] WARN Keylogger started. Press CTRL+C to see results...
[2019/08/17 09:52:35] INFO Output log to ... G:\Users\sakai\AppData\Local\Temp\Keystrokes_190817.txt
[2019/08/17 09:54:22] INFO get config from ./keystrokes.config.ps1
[2019/08/17 09:54:22] WARN Keylogger started. Press CTRL+C to see results...
[2019/08/17 09:54:22] INFO Output log to ... G:\Users\sakai\AppData\Local\Temp\Keystrokes_190817.txt
[2019/08/17 09:55:56] INFO get config from ./keystrokes.config.ps1
[2019/08/17 09:55:56] WARN Keylogger started. Press CTRL+C to see results...
[2019/08/17 09:55:56] INFO Output log to ... G:\Users\sakai\AppData\Local\Temp\Keystrokes_190817.txt
[2019/08/17 10:00:32] INFO get config from ./keystrokes.config.ps1
[2019/08/17 10:00:32] WARN Keylogger started. Press CTRL+C to see results...
[2019/08/17 10:00:32] INFO Output log to ... G:\Users\sakai\AppData\Local\Temp\Keystrokes_190817.txt
[2019/08/17 10:01:32] INFO LButton
[2019/08/17 10:05:52] INFO get config from ./keystrokes.config.ps1
[2019/08/17 10:05:52] WARN Keylogger started. Press CTRL+C to see results...
[2019/08/17 10:05:52] INFO Output log to ... G:\Users\sakai\AppData\Local\Temp\Keystrokes_190817.txt
[2019/08/17 10:06:52] INFO LButton,LButton,LButton
[2019/08/17 10:07:51] INFO LButton,LButton,LButton,LButton,LButton,LButton,LButton
[2019/08/17 10:08:51] INFO LButton,LButton,LButton,LButton,LButton,LButton,LButton,LButton,LButton,LButton,LButton,LButton,LButton,LButton,LButton,LButton
[2019/08/17 10:26:27] INFO get config from ./keystrokes.config.ps1
[2019/08/17 10:26:27] WARN Keylogger started. Press CTRL+C to see results...
[2019/08/17 10:26:27] INFO Output log to ... G:\Users\sakai\AppData\Local\Temp\Keystrokes_190817.txt
[2019/08/17 10:26:57] INFO get config from ./keystrokes.config.ps1
[2019/08/17 10:26:57] WARN Keylogger started. Press CTRL+C to see results...
[2019/08/17 10:26:57] INFO Output keystroke log to ... G:\Users\sakai\AppData\Local\Temp\Keystrokes_190817.txt
[2019/08/17 10:27:57] INFO 2019/08/17 10:27	18528		

[2019/08/17 10:29:47] INFO get config from ./keystrokes.config.ps1
[2019/08/17 10:29:47] WARN Keylogger started. Press CTRL+C to see results...
[2019/08/17 10:29:47] INFO Output keystroke log to ... G:\Users\sakai\AppData\Local\Temp\Keystrokes_190817.txt
[2019/08/17 10:30:47] INFO 2019/08/17 10:30	18528		

[2019/08/17 10:31:47] INFO 2019/08/17 10:31	18528		

[2019/08/17 10:32:59] INFO get config from ./keystrokes.config.ps1
[2019/08/17 10:32:59] WARN Keylogger started. Press CTRL+C to see results...
[2019/08/17 10:32:59] INFO Output keystroke log to ... G:\Users\sakai\AppData\Local\Temp\Keystrokes_190817.txt
[2019/08/17 10:33:59] INFO 2019/08/17 10:33	18528		
[2019/08/17 10:36:43] INFO get config from ./keystrokes.config.ps1
[2019/08/17 10:36:43] WARN Keylogger started. Press CTRL+C to see results...
[2019/08/17 10:36:43] INFO Output keystroke log to ... G:\Users\sakai\AppData\Local\Temp\Keystrokes_190817.txt
[2019/08/17 10:37:43] INFO 2019/08/17 10:37	7108		
[2019/08/17 10:38:43] INFO 2019/08/17 10:38	16572		
[2019/08/17 10:39:43] INFO 2019/08/17 10:39	7108		
[2019/08/17 11:51:18] INFO get config from ./keystrokes.config.ps1
[2019/08/17 11:51:18] WARN Keylogger started. Press CTRL+C to see results...
[2019/08/17 11:51:18] INFO Output keystroke log to ... G:\Users\sakai\AppData\Local\Temp\Keystrokes_190817.txt
[2019/08/17 11:51:23] INFO 2019/08/17 11:51	9600		
[2019/08/17 11:52:08] INFO get config from ./keystrokes.config.ps1
[2019/08/17 11:52:08] WARN Keylogger started. Press CTRL+C to see results...
[2019/08/17 11:52:08] INFO Output keystroke log to ... G:\Users\sakai\AppData\Local\Temp\Keystrokes_190817.txt
[2019/08/17 11:53:08] INFO 2019/08/17 11:53	7624		
[2019/08/17 11:57:38] INFO get config from ./keystrokes.config.ps1
[2019/08/17 11:57:38] WARN Keylogger started. Press CTRL+C to see results...
[2019/08/17 11:57:38] INFO Output keystroke log to ... G:\Users\sakai\AppData\Local\Temp\Keystrokes_190817.txt
[2019/08/17 11:58:38] INFO 2019/08/17 11:58	7624		
[2019/08/17 11:58:38] INFO 2019/08/17 11:58	7624		
[2019/08/17 11:59:21] INFO get config from ./keystrokes.config.ps1
[2019/08/17 11:59:21] WARN Keylogger started. Press CTRL+C to see results...
[2019/08/17 11:59:21] INFO Output keystroke log to ... G:\Users\sakai\AppData\Local\Temp\Keystrokes_190817.txt
[2019/08/17 12:00:21] INFO 2019/08/17 12:00	7108		
[2019/08/17 12:01:21] INFO 2019/08/17 12:01	13352		
[2019/08/17 12:06:04] INFO get config from ./keystrokes.config.ps1
[2019/08/17 12:06:04] WARN Keylogger started. Press CTRL+C to see results...
[2019/08/17 12:06:04] INFO Output keystroke log to ... G:\Users\sakai\AppData\Local\Temp\Keystrokes_190817.txt
[2019/08/17 12:07:04] INFO 2019/08/17 12:07	13352		
[2019/08/17 12:12:13] INFO get config from ./keystrokes.config.ps1
[2019/08/17 12:12:13] WARN Keylogger started. Press CTRL+C to see results...
[2019/08/17 12:12:13] INFO Output keystroke log to ... G:\Users\sakai\AppData\Local\Temp\Keystrokes_190817.txt
[2019/08/17 12:13:10] INFO G:\Users\sakai\AppData\Local\Temp\Keystrokes_190817.txt
[2019/08/17 12:13:10] INFO 2019/08/17 12:13	18944		
[2019/08/17 12:13:20] INFO get config from ./keystrokes.config.ps1
[2019/08/17 12:13:20] WARN Keylogger started. Press CTRL+C to see results...
[2019/08/17 12:13:20] INFO Output keystroke log to ... G:\Users\sakai\AppData\Local\Temp\Keystrokes_190817.txt
[2019/08/17 12:14:20] INFO G:\Users\sakai\AppData\Local\Temp\Keystrokes_190817.txt
[2019/08/17 12:14:20] INFO 2019/08/17 12:14	14572		
[2019/08/17 12:15:19] INFO G:\Users\sakai\AppData\Local\Temp\Keystrokes_190817.txt
[2019/08/17 12:15:19] INFO 2019/08/17 12:15	14572		
[2019/08/17 12:16:19] INFO G:\Users\sakai\AppData\Local\Temp\Keystrokes_190817.txt
[2019/08/17 12:16:19] INFO 2019/08/17 12:16	14572		
[2019/08/17 12:21:59] INFO get config from ./keystrokes.config.ps1
[2019/08/17 12:21:59] WARN Keylogger started. Press CTRL+C to see results...
[2019/08/17 12:21:59] INFO Output keystroke log to ... G:\Users\sakai\AppData\Local\Temp\Keystrokes_190817.txt
[2019/08/17 12:22:59] INFO G:\Users\sakai\AppData\Local\Temp\Keystrokes_190817.txt
[2019/08/17 12:22:59] INFO 2019/08/17 12:22	14572		
[2019/08/17 12:23:08] INFO get config from ./keystrokes.config.ps1
[2019/08/17 12:23:08] WARN Keylogger started. Press CTRL+C to see results...
[2019/08/17 12:23:08] INFO Output keystroke log to ... G:\Users\sakai\AppData\Local\Temp\Keystrokes_190817.txt
[2019/08/17 12:24:07] INFO G:\Users\sakai\AppData\Local\Temp\Keystrokes_190817.txt
[2019/08/17 12:24:07] INFO 2019/08/17 12:24	14572		
[2019/08/17 12:26:05] INFO get config from ./keystrokes.config.ps1
[2019/08/17 12:26:05] WARN Keylogger started. Press CTRL+C to see results...
[2019/08/17 12:26:05] INFO Output keystroke log to ... G:\Users\sakai\AppData\Local\Temp\Keystrokes_190817.txt
[2019/08/17 12:27:05] INFO G:\Users\sakai\AppData\Local\Temp\Keystrokes_190817.txt
[2019/08/17 12:27:05] INFO 2019/08/17 12:27	13352		
[2019/08/17 12:30:07] INFO get config from ./keystrokes.config.ps1
[2019/08/17 12:30:07] WARN Keylogger started. Press CTRL+C to see results...
[2019/08/17 12:30:07] INFO Output keystroke log to ... G:\Users\sakai\AppData\Local\Temp\Keystrokes_190817.txt
[2019/08/17 12:31:06] INFO G:\Users\sakai\AppData\Local\Temp\Keystrokes_190817.txt
[2019/08/17 12:31:06] INFO 2019/08/17 12:31	14572		
[2019/08/17 12:32:12] INFO get config from ./keystrokes.config.ps1
[2019/08/17 12:32:12] WARN Keylogger started. Press CTRL+C to see results...
[2019/08/17 12:32:12] INFO Output keystroke log to ... G:\Users\sakai\AppData\Local\Temp\Keystrokes_190817.txt
[2019/08/17 12:33:12] INFO 2019/08/17 12:33	14572		
[2019/08/17 12:34:12] INFO 2019/08/17 12:34	18944		
[2019/08/17 12:34:38] INFO 2019/08/17 12:34	18944		
[2019/08/17 12:35:31] INFO get config from ./keystrokes.config.ps1
[2019/08/17 12:35:31] WARN Keylogger started. Press CTRL+C to see results...
[2019/08/17 12:35:31] INFO Output keystroke log to ... G:\Users\sakai\AppData\Local\Temp\Keystrokes_190817.txt
[2019/08/17 12:36:30] INFO G:\Users\sakai\AppData\Local\Temp\Keystrokes_190817.txt
[2019/08/17 12:36:30] INFO 
[2019/08/17 12:36:30] INFO 
[2019/08/17 12:36:30] INFO 2019/08/17 12:36	14572		
[2019/08/17 12:37:30] INFO G:\Users\sakai\AppData\Local\Temp\Keystrokes_190817.txt
[2019/08/17 12:37:30] INFO 
[2019/08/17 12:37:30] INFO 
[2019/08/17 12:37:30] INFO 2019/08/17 12:37	14572		
[2019/08/17 12:38:30] INFO G:\Users\sakai\AppData\Local\Temp\Keystrokes_190817.txt
[2019/08/17 12:38:30] INFO 
[2019/08/17 12:38:30] INFO 
[2019/08/17 12:38:30] INFO 2019/08/17 12:38	14572		
[2019/08/17 12:42:18] INFO get config from ./keystrokes.config.ps1
[2019/08/17 12:42:18] WARN Keylogger started. Press CTRL+C to see results...
[2019/08/17 12:42:18] INFO Output keystroke log to ... G:\Users\sakai\AppData\Local\Temp\Keystrokes_190817.txt
[2019/08/17 12:43:18] INFO G:\Users\sakai\AppData\Local\Temp\Keystrokes_190817.txt
[2019/08/17 12:43:18] INFO 14
[2019/08/17 12:43:18] INFO Enter,LButton,LButton,LButton,LButton,Enter,Shift + 3,Space
[2019/08/17 12:43:18] INFO G:\Users\sakai\AppData\Local\Temp\Keystrokes_190817.txt
[2019/08/17 12:43:18] INFO 
[2019/08/17 12:43:18] INFO 
[2019/08/17 12:43:18] INFO 2019/08/17 12:43	14572		
[2019/08/17 12:43:41] INFO G:\Users\sakai\AppData\Local\Temp\Keystrokes_190817.txt
[2019/08/17 12:43:41] INFO 
[2019/08/17 12:43:41] INFO 
[2019/08/17 12:43:41] INFO 2019/08/17 12:43	18944		
[2019/08/17 12:45:22] INFO get config from ./keystrokes.config.ps1
[2019/08/17 12:45:22] WARN Keylogger started. Press CTRL+C to see results...
[2019/08/17 12:45:22] INFO Output keystroke log to ... G:\Users\sakai\AppData\Local\Temp\Keystrokes_190817.txt
[2019/08/17 12:46:22] INFO logPath=G:\Users\sakai\AppData\Local\Temp\Keystrokes_190817.txt
[2019/08/17 12:46:22] INFO cnt=4
[2019/08/17 12:46:22] INFO ary_str=Enter,LButton,LButton,LButton
[2019/08/17 12:46:22] INFO logPath=G:\Users\sakai\AppData\Local\Temp\Keystrokes_190817.txt Enter,LButton,LButton,LButton 4
[2019/08/17 12:46:22] INFO cnt=
[2019/08/17 12:46:22] INFO ary_str=
[2019/08/17 12:46:22] INFO line=2019/08/17 12:46	14572		
[2019/08/17 12:47:21] INFO logPath=G:\Users\sakai\AppData\Local\Temp\Keystrokes_190817.txt
[2019/08/17 12:47:21] INFO cnt=4
[2019/08/17 12:47:21] INFO ary_str=
[2019/08/17 12:47:21] INFO logPath=G:\Users\sakai\AppData\Local\Temp\Keystrokes_190817.txt  4
[2019/08/17 12:47:21] INFO cnt=
[2019/08/17 12:47:21] INFO ary_str=
[2019/08/17 12:47:21] INFO line=2019/08/17 12:47	18944		
[2019/08/17 12:51:47] INFO get config from ./keystrokes.config.ps1
[2019/08/17 12:51:47] WARN Keylogger started. Press CTRL+C to see results...
[2019/08/17 12:51:47] INFO Output keystroke log to ... G:\Users\sakai\AppData\Local\Temp\Keystrokes_190817.txt
[2019/08/17 12:52:47] INFO logPath=G:\Users\sakai\AppData\Local\Temp\Keystrokes_190817.txt
[2019/08/17 12:52:47] INFO cnt=9
[2019/08/17 12:52:47] INFO ary_str=LButton,Ctrl + c,Ctrl + c,Ctrl + c,Ctrl + c,Ctrl + c,Ctrl + c,Ctrl + c,Ctrl + c
[2019/08/17 12:52:47] INFO logPath=G:\Users\sakai\AppData\Local\Temp\Keystrokes_190817.txt
[2019/08/17 12:52:47] INFO cnt=9
[2019/08/17 12:52:47] INFO ary_str=LButton,Ctrl + c,Ctrl + c,Ctrl + c,Ctrl + c,Ctrl + c,Ctrl + c,Ctrl + c,Ctrl + c
[2019/08/17 12:52:47] INFO line=2019/08/17 12:52	12652	9	LButton,Ctrl + c,Ctrl + c,Ctrl + c,Ctrl + c,Ctrl + c,Ctrl + c,Ctrl + c,Ctrl + c
[2019/08/17 12:53:46] INFO logPath=G:\Users\sakai\AppData\Local\Temp\Keystrokes_190817.txt
[2019/08/17 12:53:46] INFO cnt=21
[2019/08/17 12:53:46] INFO ary_str=Ctrl + c,Ctrl + c,Ctrl + c,Ctrl + c,Ctrl + c,Ctrl + c,Ctrl + c,Ctrl + c,Ctrl + c,Ctrl + c,Ctrl + c,Ctrl + c
[2019/08/17 12:53:46] INFO logPath=G:\Users\sakai\AppData\Local\Temp\Keystrokes_190817.txt
[2019/08/17 12:53:46] INFO cnt=21
[2019/08/17 12:53:46] INFO ary_str=Ctrl + c,Ctrl + c,Ctrl + c,Ctrl + c,Ctrl + c,Ctrl + c,Ctrl + c,Ctrl + c,Ctrl + c,Ctrl + c,Ctrl + c,Ctrl + c
[2019/08/17 12:53:46] INFO line=2019/08/17 12:53	18944	21	Ctrl + c,Ctrl + c,Ctrl + c,Ctrl + c,Ctrl + c,Ctrl + c,Ctrl + c,Ctrl + c,Ctrl + c,Ctrl + c,Ctrl + c,Ctrl + c
[2019/08/17 12:53:47] INFO logPath=G:\Users\sakai\AppData\Local\Temp\Keystrokes_190817.txt
[2019/08/17 12:53:47] INFO cnt=23
[2019/08/17 12:53:47] INFO ary_str=Ctrl + c,Ctrl + c,
[2019/08/17 12:53:47] INFO line=2019/08/17 12:53	18944	23	Ctrl + c,Ctrl + c,
[2019/08/17 12:53:53] INFO get config from ./keystrokes.config.ps1
[2019/08/17 12:53:53] WARN Keylogger started. Press CTRL+C to see results...
[2019/08/17 12:53:53] INFO Output keystroke log to ... G:\Users\sakai\AppData\Local\Temp\Keystrokes_190817.txt
[2019/08/17 12:54:53] INFO logPath=G:\Users\sakai\AppData\Local\Temp\Keystrokes_190817.txt
[2019/08/17 12:54:53] INFO cnt=36
[2019/08/17 12:54:53] INFO ary_str=Ctrl + c,LButton,Home,Home,Shift + Down,Shift + Down, Down,Shift + Down (3),Shift + Down (4),Shift + Down (5),Shift + 3,Shift + 3,Shift + 3,Shift + 3,Shift + 3,Space,Space,Space,Space,Space,Ctrl + s,LButton,Home,Home,Shift + Down,Shift + Down,BackSpace
[2019/08/17 12:54:53] INFO logPath=G:\Users\sakai\AppData\Local\Temp\Keystrokes_190817.txt
[2019/08/17 12:54:53] INFO cnt=36
[2019/08/17 12:54:53] INFO ary_str=Ctrl + c,LButton,Home,Home,Shift + Down,Shift + Down, Down,Shift + Down (3),Shift + Down (4),Shift + Down (5),Shift + 3,Shift + 3,Shift + 3,Shift + 3,Shift + 3,Space,Space,Space,Space,Space,Ctrl + s,LButton,Home,Home,Shift + Down,Shift + Down,BackSpace
[2019/08/17 12:54:53] INFO line=2019/08/17 12:54	14572	36	Ctrl + c,LButton,Home,Home,Shift + Down,Shift + Down, Down,Shift + Down (3),Shift + Down (4),Shift + Down (5),Shift + 3,Shift + 3,Shift + 3,Shift + 3,Shift + 3,Space,Space,Space,Space,Space,Ctrl + s,LButton,Home,Home,Shift + Down,Shift + Down,BackSpace
[2019/08/17 12:55:06] INFO logPath=G:\Users\sakai\AppData\Local\Temp\Keystrokes_190817.txt
[2019/08/17 12:55:06] INFO cnt=40
[2019/08/17 12:55:06] INFO ary_str=LButton,Ctrl + c,
[2019/08/17 12:55:06] INFO line=2019/08/17 12:55	18944	40	LButton,Ctrl + c,
[2019/08/17 12:59:30] INFO get config from ./keystrokes.config.ps1
[2019/08/17 12:59:30] WARN Keylogger started. Press CTRL+C to see results...
[2019/08/17 12:59:30] INFO Output keystroke log to ... G:\Users\sakai\AppData\Local\Temp\Keystrokes_190817.txt
[2019/08/17 13:00:29] INFO line=2019/08/17 13:00	14572	3	LButton,LButton,LButton
[2019/08/17 13:01:29] INFO line=2019/08/17 13:01	14572	4	LButton
[2019/08/17 13:02:08] INFO line=2019/08/17 13:02	18944	6	LButton,Shift + Right,cnt,Ctrl + s,LButton,Ctrl + c,
[2019/08/17 13:02:11] INFO get config from ./keystrokes.config.ps1
[2019/08/17 13:02:11] WARN Keylogger started. Press CTRL+C to see results...
[2019/08/17 13:02:11] INFO Output keystroke log to ... G:\Users\sakai\AppData\Local\Temp\Keystrokes_190817.txt
[2019/08/17 13:03:11] INFO line=2019/08/17 13:03	14572	2	Enter,LButton
[2019/08/17 13:04:10] INFO line=2019/08/17 13:04	14572	3	LButton,Home,End
[2019/08/17 13:05:10] INFO line=2019/08/17 13:05	14572	3	Home,Home,LButton
[2019/08/17 13:06:10] INFO line=2019/08/17 13:06	14572	5	LButton,Ctrl + s,Ctrl + s
[2019/08/17 13:07:09] INFO line=2019/08/17 13:07	14572	0	
[2019/08/17 13:08:09] INFO line=2019/08/17 13:08	14572	0	
[2019/08/17 13:09:08] INFO line=2019/08/17 13:09	14572	0	
[2019/08/17 13:10:08] INFO line=2019/08/17 13:10	14572	0	
[2019/08/17 13:11:08] INFO line=2019/08/17 13:11	14572	0	
[2019/08/17 13:12:07] INFO line=2019/08/17 13:12	14572	0	
[2019/08/17 13:13:07] INFO line=2019/08/17 13:13	14572	0	
[2019/08/17 13:14:06] INFO line=2019/08/17 13:14	14572	0	
[2019/08/17 13:15:06] INFO line=2019/08/17 13:15	14572	0	
[2019/08/17 13:16:06] INFO line=2019/08/17 13:16	14572	0	
[2019/08/17 13:17:05] INFO line=2019/08/17 13:17	14572	0	
[2019/08/17 13:18:05] INFO line=2019/08/17 13:18	14572	0	
[2019/08/17 13:19:04] INFO line=2019/08/17 13:19	14572	0	
[2019/08/17 13:20:04] INFO line=2019/08/17 13:20	14572	0	
